<?xml version="1.0" encoding="UTF-8"?>
<!-- Generated by org.testng.reporters.JUnitReportReporter -->
<testsuite skipped="0" hostname="DESKTOP-ASB5QBL" name="testNG_Pkg.EmpReg_TestNG" tests="4" failures="0" timestamp="26 Jan 2022 01:58:33 GMT" time="32.531" errors="0">
  <testcase name="orgEmpreg" time="8.944" classname="testNG_Pkg.EmpReg_TestNG"/>
  <testcase name="orgEmpreg" time="7.053" classname="testNG_Pkg.EmpReg_TestNG"/>
  <testcase name="orgEmpreg" time="9.187" classname="testNG_Pkg.EmpReg_TestNG"/>
  <testcase name="orgEmpreg" time="7.347" classname="testNG_Pkg.EmpReg_TestNG"/>
</testsuite> <!-- testNG_Pkg.EmpReg_TestNG -->
