<?xml version="1.0" encoding="UTF-8"?>
<!-- Generated by org.testng.reporters.JUnitReportReporter -->
<testsuite skipped="0" hostname="DESKTOP-ASB5QBL" name="testNG_Pkg.AnnoationsEg" tests="3" failures="0" timestamp="24 Jan 2022 02:19:23 GMT" time="0.090" errors="0">
  <testcase name="Function1" time="0.038" classname="testNG_Pkg.AnnoationsEg"/>
  <testcase name="Function2" time="0.034" classname="testNG_Pkg.AnnoationsEg"/>
  <testcase name="Apple" time="0.018" classname="testNG_Pkg.AnnoationsEg"/>
</testsuite> <!-- testNG_Pkg.AnnoationsEg -->
