<?xml version="1.0" encoding="UTF-8"?>
<!-- Generated by org.testng.reporters.JUnitReportReporter -->
<testsuite skipped="0" hostname="DESKTOP-ASB5QBL" name="testNG_Pkg.PrimusBankLogin_TestNG" tests="1" failures="0" timestamp="24 Jan 2022 02:37:34 GMT" time="13.703" errors="0">
  <testcase name="Login" time="13.703" classname="testNG_Pkg.PrimusBankLogin_TestNG"/>
</testsuite> <!-- testNG_Pkg.PrimusBankLogin_TestNG -->
