<?xml version="1.0" encoding="UTF-8"?>
<!-- Generated by org.testng.reporters.JUnitReportReporter -->
<testsuite skipped="0" hostname="DESKTOP-ASB5QBL" name="com.SeleniumProject.POMTests.LoginTC_POM" tests="1" failures="0" timestamp="28 Jan 2022 02:22:50 GMT" time="48.025" errors="0">
  <testcase name="login" time="48.025" classname="com.SeleniumProject.POMTests.LoginTC_POM"/>
</testsuite> <!-- com.SeleniumProject.POMTests.LoginTC_POM -->
