<?xml version="1.0" encoding="UTF-8"?>
<!-- Generated by org.testng.reporters.JUnitReportReporter -->
<testsuite skipped="0" hostname="DESKTOP-ASB5QBL" name="testNG_Pkg.UserReg_TestNG" tests="1" failures="0" timestamp="26 Jan 2022 01:41:34 GMT" time="19.102" errors="0">
  <testcase name="orgUserReg" time="19.102" classname="testNG_Pkg.UserReg_TestNG"/>
</testsuite> <!-- testNG_Pkg.UserReg_TestNG -->
