<?xml version="1.0" encoding="UTF-8"?>
<!-- Generated by org.testng.reporters.JUnitReportReporter -->
<testsuite skipped="0" hostname="DESKTOP-ASB5QBL" name="testNG_Pkg.TestNG_MultipleBrowsers" tests="1" failures="0" timestamp="26 Jan 2022 02:13:27 GMT" time="39.169" errors="0">
  <testcase name="test" time="39.169" classname="testNG_Pkg.TestNG_MultipleBrowsers"/>
</testsuite> <!-- testNG_Pkg.TestNG_MultipleBrowsers -->
