<?xml version="1.0" encoding="UTF-8"?>
<!-- Generated by org.testng.reporters.JUnitReportReporter -->
<testsuite skipped="0" hostname="DESKTOP-ASB5QBL" name="gridExamples.GridEg1" tests="2" failures="0" timestamp="01 Feb 2022 02:12:46 GMT" time="91.636" errors="0">
  <testcase name="test1" time="49.814" classname="gridExamples.GridEg1"/>
  <testcase name="test1" time="41.822" classname="gridExamples.GridEg1"/>
</testsuite> <!-- gridExamples.GridEg1 -->
